
*** Running vivado
    with args -log memristor_dff_en_reset_vector_0_0.vds -m64 -product Vivado -mode batch -messageDb vivado.pb -notrace -source memristor_dff_en_reset_vector_0_0.tcl


****** Vivado v2020.2 (64-bit)
  **** SW Build 3064766 on Wed Nov 18 09:12:47 MST 2020
  **** IP Build 3064653 on Wed Nov 18 14:17:31 MST 2020
    ** Copyright 1986-2020 Xilinx, Inc. All Rights Reserved.

source memristor_dff_en_reset_vector_0_0.tcl -notrace
INFO: [IP_Flow 19-234] Refreshing IP repositories
INFO: [IP_Flow 19-1700] Loaded user IP repository '/home/getz/Desktop/PYNQ-2.7.0/boards/ip'.
INFO: [IP_Flow 19-2313] Loaded Vivado IP repository '/home/getz/Xilinx/Vivado/2020.2/data/ip'.
Command: synth_design -top memristor_dff_en_reset_vector_0_0 -part xc7z020clg484-1 -mode out_of_context
Starting synth_design
Attempting to get a license for feature 'Synthesis' and/or device 'xc7z020'
INFO: [Common 17-349] Got license for feature 'Synthesis' and/or device 'xc7z020'
INFO: [Device 21-403] Loading part xc7z020clg484-1
INFO: [Synth 8-7079] Multithreading enabled for synth_design using a maximum of 4 processes.
INFO: [Synth 8-7078] Launching helper process for spawning children vivado processes
INFO: [Synth 8-7075] Helper process launched with PID 57640
---------------------------------------------------------------------------------
Starting RTL Elaboration : Time (s): cpu = 00:00:09 ; elapsed = 00:00:23 . Memory (MB): peak = 2494.020 ; gain = 0.000 ; free physical = 179 ; free virtual = 11631
---------------------------------------------------------------------------------
INFO: [Synth 8-6157] synthesizing module 'memristor_dff_en_reset_vector_0_0' [/home/getz/dev/ZCU702_memristor/design/project_11.gen/sources_1/bd/memristor/ip/memristor_dff_en_reset_vector_0_0/synth/memristor_dff_en_reset_vector_0_0.v:58]
INFO: [Synth 8-6157] synthesizing module 'dff_en_reset_vector' [/home/getz/dev/ZCU702_memristor/design/project_11.gen/sources_1/bd/memristor/ipshared/10e3/dff_en_reset_vector.v:5]
	Parameter SIZE bound to: 1 - type: integer 
	Parameter DELAY bound to: 3 - type: integer 
INFO: [Synth 8-6155] done synthesizing module 'dff_en_reset_vector' (1#1) [/home/getz/dev/ZCU702_memristor/design/project_11.gen/sources_1/bd/memristor/ipshared/10e3/dff_en_reset_vector.v:5]
INFO: [Synth 8-6155] done synthesizing module 'memristor_dff_en_reset_vector_0_0' (2#1) [/home/getz/dev/ZCU702_memristor/design/project_11.gen/sources_1/bd/memristor/ip/memristor_dff_en_reset_vector_0_0/synth/memristor_dff_en_reset_vector_0_0.v:58]
---------------------------------------------------------------------------------
Finished RTL Elaboration : Time (s): cpu = 00:00:11 ; elapsed = 00:00:29 . Memory (MB): peak = 2494.020 ; gain = 0.000 ; free physical = 2997 ; free virtual = 14380
---------------------------------------------------------------------------------
---------------------------------------------------------------------------------
Start Handling Custom Attributes
---------------------------------------------------------------------------------
---------------------------------------------------------------------------------
Finished Handling Custom Attributes : Time (s): cpu = 00:00:12 ; elapsed = 00:00:30 . Memory (MB): peak = 2494.020 ; gain = 0.000 ; free physical = 2989 ; free virtual = 14373
---------------------------------------------------------------------------------
---------------------------------------------------------------------------------
Finished RTL Optimization Phase 1 : Time (s): cpu = 00:00:12 ; elapsed = 00:00:30 . Memory (MB): peak = 2494.020 ; gain = 0.000 ; free physical = 2989 ; free virtual = 14373
---------------------------------------------------------------------------------
Netlist sorting complete. Time (s): cpu = 00:00:00 ; elapsed = 00:00:00 . Memory (MB): peak = 2494.020 ; gain = 0.000 ; free physical = 2989 ; free virtual = 14373
INFO: [Project 1-570] Preparing netlist for logic optimization

Processing XDC Constraints
Initializing timing engine
Completed Processing XDC Constraints

Netlist sorting complete. Time (s): cpu = 00:00:00 ; elapsed = 00:00:00 . Memory (MB): peak = 2524.059 ; gain = 0.000 ; free physical = 3133 ; free virtual = 14532
INFO: [Project 1-111] Unisim Transformation Summary:
No Unisim elements were transformed.

Constraint Validation Runtime : Time (s): cpu = 00:00:00.02 ; elapsed = 00:00:00.05 . Memory (MB): peak = 2524.059 ; gain = 0.000 ; free physical = 3133 ; free virtual = 14532
---------------------------------------------------------------------------------
Finished Constraint Validation : Time (s): cpu = 00:00:26 ; elapsed = 00:00:47 . Memory (MB): peak = 2524.059 ; gain = 30.039 ; free physical = 3103 ; free virtual = 14503
---------------------------------------------------------------------------------
---------------------------------------------------------------------------------
Start Loading Part and Timing Information
---------------------------------------------------------------------------------
Loading part: xc7z020clg484-1
---------------------------------------------------------------------------------
Finished Loading Part and Timing Information : Time (s): cpu = 00:00:26 ; elapsed = 00:00:47 . Memory (MB): peak = 2524.059 ; gain = 30.039 ; free physical = 3103 ; free virtual = 14504
---------------------------------------------------------------------------------
---------------------------------------------------------------------------------
Start Applying 'set_property' XDC Constraints
---------------------------------------------------------------------------------
---------------------------------------------------------------------------------
Finished applying 'set_property' XDC Constraints : Time (s): cpu = 00:00:26 ; elapsed = 00:00:47 . Memory (MB): peak = 2524.059 ; gain = 30.039 ; free physical = 3103 ; free virtual = 14504
---------------------------------------------------------------------------------
---------------------------------------------------------------------------------
Finished RTL Optimization Phase 2 : Time (s): cpu = 00:00:27 ; elapsed = 00:00:48 . Memory (MB): peak = 2524.059 ; gain = 30.039 ; free physical = 3100 ; free virtual = 14502
---------------------------------------------------------------------------------
---------------------------------------------------------------------------------
Start RTL Component Statistics 
---------------------------------------------------------------------------------
Detailed RTL Component Info : 
+---Registers : 
	                1 Bit    Registers := 1     
---------------------------------------------------------------------------------
Finished RTL Component Statistics 
---------------------------------------------------------------------------------
---------------------------------------------------------------------------------
Start Part Resource Summary
---------------------------------------------------------------------------------
Part Resources:
DSPs: 220 (col length:60)
BRAMs: 280 (col length: RAMB18 60 RAMB36 30)
---------------------------------------------------------------------------------
Finished Part Resource Summary
---------------------------------------------------------------------------------
---------------------------------------------------------------------------------
Start Cross Boundary and Area Optimization
---------------------------------------------------------------------------------
---------------------------------------------------------------------------------
Finished Cross Boundary and Area Optimization : Time (s): cpu = 00:00:29 ; elapsed = 00:00:50 . Memory (MB): peak = 2524.059 ; gain = 30.039 ; free physical = 3108 ; free virtual = 14517
---------------------------------------------------------------------------------
---------------------------------------------------------------------------------
Start Applying XDC Timing Constraints
---------------------------------------------------------------------------------
---------------------------------------------------------------------------------
Finished Applying XDC Timing Constraints : Time (s): cpu = 00:00:46 ; elapsed = 00:01:09 . Memory (MB): peak = 2524.059 ; gain = 30.039 ; free physical = 2857 ; free virtual = 14288
---------------------------------------------------------------------------------
---------------------------------------------------------------------------------
Start Timing Optimization
---------------------------------------------------------------------------------
---------------------------------------------------------------------------------
Finished Timing Optimization : Time (s): cpu = 00:00:46 ; elapsed = 00:01:09 . Memory (MB): peak = 2524.059 ; gain = 30.039 ; free physical = 2857 ; free virtual = 14288
---------------------------------------------------------------------------------
---------------------------------------------------------------------------------
Start Technology Mapping
---------------------------------------------------------------------------------
---------------------------------------------------------------------------------
Finished Technology Mapping : Time (s): cpu = 00:00:46 ; elapsed = 00:01:09 . Memory (MB): peak = 2524.059 ; gain = 30.039 ; free physical = 2834 ; free virtual = 14265
---------------------------------------------------------------------------------
---------------------------------------------------------------------------------
Start IO Insertion
---------------------------------------------------------------------------------
---------------------------------------------------------------------------------
Start Flattening Before IO Insertion
---------------------------------------------------------------------------------
---------------------------------------------------------------------------------
Finished Flattening Before IO Insertion
---------------------------------------------------------------------------------
---------------------------------------------------------------------------------
Start Final Netlist Cleanup
---------------------------------------------------------------------------------
---------------------------------------------------------------------------------
Finished Final Netlist Cleanup
---------------------------------------------------------------------------------
---------------------------------------------------------------------------------
Finished IO Insertion : Time (s): cpu = 00:00:54 ; elapsed = 00:01:17 . Memory (MB): peak = 2524.059 ; gain = 30.039 ; free physical = 2764 ; free virtual = 14196
---------------------------------------------------------------------------------
---------------------------------------------------------------------------------
Start Renaming Generated Instances
---------------------------------------------------------------------------------
---------------------------------------------------------------------------------
Finished Renaming Generated Instances : Time (s): cpu = 00:00:54 ; elapsed = 00:01:17 . Memory (MB): peak = 2524.059 ; gain = 30.039 ; free physical = 2764 ; free virtual = 14196
---------------------------------------------------------------------------------
---------------------------------------------------------------------------------
Start Rebuilding User Hierarchy
---------------------------------------------------------------------------------
---------------------------------------------------------------------------------
Finished Rebuilding User Hierarchy : Time (s): cpu = 00:00:54 ; elapsed = 00:01:17 . Memory (MB): peak = 2524.059 ; gain = 30.039 ; free physical = 2764 ; free virtual = 14196
---------------------------------------------------------------------------------
---------------------------------------------------------------------------------
Start Renaming Generated Ports
---------------------------------------------------------------------------------
---------------------------------------------------------------------------------
Finished Renaming Generated Ports : Time (s): cpu = 00:00:54 ; elapsed = 00:01:17 . Memory (MB): peak = 2524.059 ; gain = 30.039 ; free physical = 2764 ; free virtual = 14196
---------------------------------------------------------------------------------
---------------------------------------------------------------------------------
Start Handling Custom Attributes
---------------------------------------------------------------------------------
---------------------------------------------------------------------------------
Finished Handling Custom Attributes : Time (s): cpu = 00:00:54 ; elapsed = 00:01:17 . Memory (MB): peak = 2524.059 ; gain = 30.039 ; free physical = 2764 ; free virtual = 14196
---------------------------------------------------------------------------------
---------------------------------------------------------------------------------
Start Renaming Generated Nets
---------------------------------------------------------------------------------
---------------------------------------------------------------------------------
Finished Renaming Generated Nets : Time (s): cpu = 00:00:54 ; elapsed = 00:01:17 . Memory (MB): peak = 2524.059 ; gain = 30.039 ; free physical = 2764 ; free virtual = 14196
---------------------------------------------------------------------------------
---------------------------------------------------------------------------------
Start Writing Synthesis Report
---------------------------------------------------------------------------------

Report BlackBoxes: 
+-+--------------+----------+
| |BlackBox name |Instances |
+-+--------------+----------+
+-+--------------+----------+

Report Cell Usage: 
+------+-----+------+
|      |Cell |Count |
+------+-----+------+
|1     |LUT4 |     1|
|2     |FDRE |     1|
+------+-----+------+
---------------------------------------------------------------------------------
Finished Writing Synthesis Report : Time (s): cpu = 00:00:54 ; elapsed = 00:01:17 . Memory (MB): peak = 2524.059 ; gain = 30.039 ; free physical = 2764 ; free virtual = 14196
---------------------------------------------------------------------------------
Synthesis finished with 0 errors, 0 critical warnings and 0 warnings.
Synthesis Optimization Runtime : Time (s): cpu = 00:00:49 ; elapsed = 00:01:12 . Memory (MB): peak = 2524.059 ; gain = 0.000 ; free physical = 2821 ; free virtual = 14253
Synthesis Optimization Complete : Time (s): cpu = 00:00:54 ; elapsed = 00:01:18 . Memory (MB): peak = 2524.066 ; gain = 30.039 ; free physical = 2821 ; free virtual = 14253
INFO: [Project 1-571] Translating synthesized netlist
Netlist sorting complete. Time (s): cpu = 00:00:00 ; elapsed = 00:00:00 . Memory (MB): peak = 2524.066 ; gain = 0.000 ; free physical = 2880 ; free virtual = 14315
INFO: [Project 1-570] Preparing netlist for logic optimization
INFO: [Opt 31-138] Pushed 0 inverter(s) to 0 load pin(s).
Netlist sorting complete. Time (s): cpu = 00:00:00 ; elapsed = 00:00:00 . Memory (MB): peak = 2524.066 ; gain = 0.000 ; free physical = 2787 ; free virtual = 14222
INFO: [Project 1-111] Unisim Transformation Summary:
No Unisim elements were transformed.

INFO: [Common 17-83] Releasing license: Synthesis
19 Infos, 0 Warnings, 0 Critical Warnings and 0 Errors encountered.
synth_design completed successfully
synth_design: Time (s): cpu = 00:01:16 ; elapsed = 00:01:33 . Memory (MB): peak = 2524.066 ; gain = 30.047 ; free physical = 2869 ; free virtual = 14304
INFO: [Common 17-1381] The checkpoint '/home/getz/dev/ZCU702_memristor/design/project_11.runs/memristor_dff_en_reset_vector_0_0_synth_1/memristor_dff_en_reset_vector_0_0.dcp' has been generated.
WARNING: [Common 17-576] 'use_project_ipc' is deprecated. This option is deprecated and no longer used.
INFO: [Coretcl 2-1648] Added synthesis output to IP cache for IP memristor_dff_en_reset_vector_0_0, cache-ID = a02b298fb2d986c0
INFO: [Common 17-1381] The checkpoint '/home/getz/dev/ZCU702_memristor/design/project_11.runs/memristor_dff_en_reset_vector_0_0_synth_1/memristor_dff_en_reset_vector_0_0.dcp' has been generated.
INFO: [runtcl-4] Executing : report_utilization -file memristor_dff_en_reset_vector_0_0_utilization_synth.rpt -pb memristor_dff_en_reset_vector_0_0_utilization_synth.pb
INFO: [Common 17-206] Exiting Vivado at Fri Apr 19 14:41:30 2024...
