Copyright 1986-2020 Xilinx, Inc. All Rights Reserved.
<<<<<<< HEAD:design/project_11.runs/memristor_PGA_SPI_0_synth_1/memristor_PGA_SPI_0_utilization_synth.rpt
---------------------------------------------------------------------------------------------------------------------------------
| Tool Version : Vivado v.2020.2 (win64) Build 3064766 Wed Nov 18 09:12:45 MST 2020
| Date         : Mon May  6 14:07:29 2024
| Host         : LAPTOP-J0FVCJLM running 64-bit major release  (build 9200)
| Command      : report_utilization -file memristor_PGA_SPI_0_utilization_synth.rpt -pb memristor_PGA_SPI_0_utilization_synth.pb
| Design       : memristor_PGA_SPI_0
=======
-------------------------------------------------------------------------------------------------------------------------------------------
| Tool Version : Vivado v.2020.2 (lin64) Build 3064766 Wed Nov 18 09:12:47 MST 2020
| Date         : Fri Apr 19 14:41:47 2024
| Host         : fedora running 64-bit Red Hat Enterprise Linux Server release 7.5 (Maipo)
| Command      : report_utilization -file memristor_mb_bram_ctrl_0_utilization_synth.rpt -pb memristor_mb_bram_ctrl_0_utilization_synth.pb
| Design       : memristor_mb_bram_ctrl_0
>>>>>>> ecc26b050c5f879286fbf40215dbf6737c58d8e1:design/project_11.runs/memristor_mb_bram_ctrl_0_synth_1/memristor_mb_bram_ctrl_0_utilization_synth.rpt
| Device       : 7z020clg484-1
| Design State : Synthesized
-------------------------------------------------------------------------------------------------------------------------------------------

Utilization Design Information

Table of Contents
-----------------
1. Slice Logic
1.1 Summary of Registers by Type
2. Memory
3. DSP
4. IO and GT Specific
5. Clocking
6. Specific Feature
7. Primitives
8. Black Boxes
9. Instantiated Netlists

1. Slice Logic
--------------

<<<<<<< HEAD:design/project_11.runs/memristor_PGA_SPI_0_synth_1/memristor_PGA_SPI_0_utilization_synth.rpt
+-------------------------+------+-------+-----------+-------+
|        Site Type        | Used | Fixed | Available | Util% |
+-------------------------+------+-------+-----------+-------+
| Slice LUTs*             |  210 |     0 |     53200 |  0.39 |
|   LUT as Logic          |  210 |     0 |     53200 |  0.39 |
|   LUT as Memory         |    0 |     0 |     17400 |  0.00 |
| Slice Registers         |  469 |     1 |    106400 |  0.44 |
|   Register as Flip Flop |  469 |     1 |    106400 |  0.44 |
|   Register as Latch     |    0 |     0 |    106400 |  0.00 |
| F7 Muxes                |    0 |     0 |     26600 |  0.00 |
| F8 Muxes                |    0 |     0 |     13300 |  0.00 |
+-------------------------+------+-------+-----------+-------+
=======
+----------------------------+------+-------+-----------+-------+
|          Site Type         | Used | Fixed | Available | Util% |
+----------------------------+------+-------+-----------+-------+
| Slice LUTs*                |  241 |     0 |     53200 |  0.45 |
|   LUT as Logic             |  228 |     0 |     53200 |  0.43 |
|   LUT as Memory            |   13 |     0 |     17400 |  0.07 |
|     LUT as Distributed RAM |    0 |     0 |           |       |
|     LUT as Shift Register  |   13 |     0 |           |       |
| Slice Registers            |  248 |     0 |    106400 |  0.23 |
|   Register as Flip Flop    |  248 |     0 |    106400 |  0.23 |
|   Register as Latch        |    0 |     0 |    106400 |  0.00 |
| F7 Muxes                   |    0 |     0 |     26600 |  0.00 |
| F8 Muxes                   |    0 |     0 |     13300 |  0.00 |
+----------------------------+------+-------+-----------+-------+
>>>>>>> ecc26b050c5f879286fbf40215dbf6737c58d8e1:design/project_11.runs/memristor_mb_bram_ctrl_0_synth_1/memristor_mb_bram_ctrl_0_utilization_synth.rpt
* Warning! The Final LUT count, after physical optimizations and full implementation, is typically lower. Run opt_design after synthesis, if not already completed, for a more realistic count.


1.1 Summary of Registers by Type
--------------------------------

+-------+--------------+-------------+--------------+
| Total | Clock Enable | Synchronous | Asynchronous |
+-------+--------------+-------------+--------------+
| 0     |            _ |           - |            - |
| 0     |            _ |           - |          Set |
| 0     |            _ |           - |        Reset |
| 0     |            _ |         Set |            - |
| 0     |            _ |       Reset |            - |
| 0     |          Yes |           - |            - |
| 0     |          Yes |           - |          Set |
| 0     |          Yes |           - |        Reset |
<<<<<<< HEAD:design/project_11.runs/memristor_PGA_SPI_0_synth_1/memristor_PGA_SPI_0_utilization_synth.rpt
| 7     |          Yes |         Set |            - |
| 462   |          Yes |       Reset |            - |
=======
| 1     |          Yes |         Set |            - |
| 247   |          Yes |       Reset |            - |
>>>>>>> ecc26b050c5f879286fbf40215dbf6737c58d8e1:design/project_11.runs/memristor_mb_bram_ctrl_0_synth_1/memristor_mb_bram_ctrl_0_utilization_synth.rpt
+-------+--------------+-------------+--------------+


2. Memory
---------

+----------------+------+-------+-----------+-------+
|    Site Type   | Used | Fixed | Available | Util% |
+----------------+------+-------+-----------+-------+
| Block RAM Tile |    0 |     0 |       140 |  0.00 |
|   RAMB36/FIFO* |    0 |     0 |       140 |  0.00 |
|   RAMB18       |    0 |     0 |       280 |  0.00 |
+----------------+------+-------+-----------+-------+
* Note: Each Block RAM Tile only has one FIFO logic available and therefore can accommodate only one FIFO36E1 or one FIFO18E1. However, if a FIFO18E1 occupies a Block RAM Tile, that tile can still accommodate a RAMB18E1


3. DSP
------

+-----------+------+-------+-----------+-------+
| Site Type | Used | Fixed | Available | Util% |
+-----------+------+-------+-----------+-------+
| DSPs      |    0 |     0 |       220 |  0.00 |
+-----------+------+-------+-----------+-------+


4. IO and GT Specific
---------------------

+-----------------------------+------+-------+-----------+-------+
|          Site Type          | Used | Fixed | Available | Util% |
+-----------------------------+------+-------+-----------+-------+
| Bonded IOB                  |    0 |     0 |       200 |  0.00 |
| Bonded IPADs                |    0 |     0 |         2 |  0.00 |
| Bonded IOPADs               |    0 |     0 |       130 |  0.00 |
| PHY_CONTROL                 |    0 |     0 |         4 |  0.00 |
| PHASER_REF                  |    0 |     0 |         4 |  0.00 |
| OUT_FIFO                    |    0 |     0 |        16 |  0.00 |
| IN_FIFO                     |    0 |     0 |        16 |  0.00 |
| IDELAYCTRL                  |    0 |     0 |         4 |  0.00 |
| IBUFDS                      |    0 |     0 |       192 |  0.00 |
| PHASER_OUT/PHASER_OUT_PHY   |    0 |     0 |        16 |  0.00 |
| PHASER_IN/PHASER_IN_PHY     |    0 |     0 |        16 |  0.00 |
| IDELAYE2/IDELAYE2_FINEDELAY |    0 |     0 |       200 |  0.00 |
| ILOGIC                      |    0 |     0 |       200 |  0.00 |
| OLOGIC                      |    0 |     0 |       200 |  0.00 |
+-----------------------------+------+-------+-----------+-------+


5. Clocking
-----------

+------------+------+-------+-----------+-------+
|  Site Type | Used | Fixed | Available | Util% |
+------------+------+-------+-----------+-------+
| BUFGCTRL   |    0 |     0 |        32 |  0.00 |
| BUFIO      |    0 |     0 |        16 |  0.00 |
| MMCME2_ADV |    0 |     0 |         4 |  0.00 |
| PLLE2_ADV  |    0 |     0 |         4 |  0.00 |
| BUFMRCE    |    0 |     0 |         8 |  0.00 |
| BUFHCE     |    0 |     0 |        72 |  0.00 |
| BUFR       |    0 |     0 |        16 |  0.00 |
+------------+------+-------+-----------+-------+


6. Specific Feature
-------------------

+-------------+------+-------+-----------+-------+
|  Site Type  | Used | Fixed | Available | Util% |
+-------------+------+-------+-----------+-------+
| BSCANE2     |    0 |     0 |         4 |  0.00 |
| CAPTUREE2   |    0 |     0 |         1 |  0.00 |
| DNA_PORT    |    0 |     0 |         1 |  0.00 |
| EFUSE_USR   |    0 |     0 |         1 |  0.00 |
| FRAME_ECCE2 |    0 |     0 |         1 |  0.00 |
| ICAPE2      |    0 |     0 |         2 |  0.00 |
| STARTUPE2   |    0 |     0 |         1 |  0.00 |
| XADC        |    0 |     0 |         1 |  0.00 |
+-------------+------+-------+-----------+-------+


7. Primitives
-------------

+----------+------+---------------------+
| Ref Name | Used | Functional Category |
+----------+------+---------------------+
<<<<<<< HEAD:design/project_11.runs/memristor_PGA_SPI_0_synth_1/memristor_PGA_SPI_0_utilization_synth.rpt
| FDRE     |  462 |        Flop & Latch |
| LUT6     |   73 |                 LUT |
| LUT5     |   67 |                 LUT |
| LUT3     |   38 |                 LUT |
| LUT2     |   37 |                 LUT |
| LUT4     |   34 |                 LUT |
| FDSE     |    7 |        Flop & Latch |
| LUT1     |    5 |                 LUT |
=======
| FDRE     |  247 |        Flop & Latch |
| LUT6     |  114 |                 LUT |
| LUT3     |   68 |                 LUT |
| LUT4     |   41 |                 LUT |
| LUT5     |   33 |                 LUT |
| LUT2     |   23 |                 LUT |
| SRL16E   |   13 |  Distributed Memory |
| LUT1     |    1 |                 LUT |
| FDSE     |    1 |        Flop & Latch |
| CARRY4   |    1 |          CarryLogic |
>>>>>>> ecc26b050c5f879286fbf40215dbf6737c58d8e1:design/project_11.runs/memristor_mb_bram_ctrl_0_synth_1/memristor_mb_bram_ctrl_0_utilization_synth.rpt
+----------+------+---------------------+


8. Black Boxes
--------------

+----------+------+
| Ref Name | Used |
+----------+------+


9. Instantiated Netlists
------------------------

+----------+------+
| Ref Name | Used |
+----------+------+


