
*** Running vivado
    with args -log memristor_io_switch_0.vds -m64 -product Vivado -mode batch -messageDb vivado.pb -notrace -source memristor_io_switch_0.tcl


****** Vivado v2020.2 (64-bit)
  **** SW Build 3064766 on Wed Nov 18 09:12:47 MST 2020
  **** IP Build 3064653 on Wed Nov 18 14:17:31 MST 2020
    ** Copyright 1986-2020 Xilinx, Inc. All Rights Reserved.

source memristor_io_switch_0.tcl -notrace
INFO: [IP_Flow 19-234] Refreshing IP repositories
INFO: [IP_Flow 19-1700] Loaded user IP repository '/home/getz/Desktop/PYNQ-2.7.0/boards/ip'.
INFO: [IP_Flow 19-2313] Loaded Vivado IP repository '/home/getz/Xilinx/Vivado/2020.2/data/ip'.
Command: synth_design -top memristor_io_switch_0 -part xc7z020clg484-1 -mode out_of_context
Starting synth_design
Attempting to get a license for feature 'Synthesis' and/or device 'xc7z020'
INFO: [Common 17-349] Got license for feature 'Synthesis' and/or device 'xc7z020'
INFO: [Device 21-403] Loading part xc7z020clg484-1
INFO: [Synth 8-7079] Multithreading enabled for synth_design using a maximum of 4 processes.
INFO: [Synth 8-7078] Launching helper process for spawning children vivado processes
INFO: [Synth 8-7075] Helper process launched with PID 67910
---------------------------------------------------------------------------------
Starting RTL Elaboration : Time (s): cpu = 00:00:08 ; elapsed = 00:00:15 . Memory (MB): peak = 2496.023 ; gain = 0.000 ; free physical = 2524 ; free virtual = 14207
---------------------------------------------------------------------------------
INFO: [Synth 8-6157] synthesizing module 'memristor_io_switch_0' [/home/getz/dev/ZCU702_memristor/design/project_11.gen/sources_1/bd/memristor/ip/memristor_io_switch_0/synth/memristor_io_switch_0.v:57]
INFO: [Synth 8-6157] synthesizing module 'io_switch_v1_1' [/home/getz/dev/ZCU702_memristor/design/project_11.gen/sources_1/bd/memristor/ipshared/6c92/hdl/io_switch_v1_1.v:4]
	Parameter C_INTERFACE_TYPE bound to: 1 - type: string 
	Parameter C_IO_SWITCH_WIDTH bound to: 8 - type: integer 
	Parameter C_NUM_PWMS bound to: 1 - type: integer 
	Parameter C_NUM_TIMERS bound to: 1 - type: integer 
	Parameter C_NUM_SS bound to: 1 - type: integer 
	Parameter C_S_AXI_DATA_WIDTH bound to: 32 - type: integer 
	Parameter C_S_AXI_ADDR_WIDTH bound to: 6 - type: integer 
INFO: [Synth 8-6157] synthesizing module 'io_switch_v1_1_S_AXI' [/home/getz/dev/ZCU702_memristor/design/project_11.gen/sources_1/bd/memristor/ipshared/6c92/hdl/io_switch_v1_1_S_AXI.v:4]
	Parameter C_INTERFACE_TYPE bound to: 1 - type: string 
	Parameter C_IO_SWITCH_WIDTH bound to: 8 - type: integer 
	Parameter C_NUM_PWMS bound to: 1 - type: integer 
	Parameter C_NUM_TIMERS bound to: 1 - type: integer 
	Parameter C_NUM_SS bound to: 1 - type: integer 
	Parameter C_S_AXI_DATA_WIDTH bound to: 32 - type: integer 
	Parameter C_S_AXI_ADDR_WIDTH bound to: 6 - type: integer 
	Parameter ADDR_LSB bound to: 2 - type: integer 
	Parameter OPT_MEM_ADDR_BITS bound to: 3 - type: integer 
INFO: [Synth 8-6157] synthesizing module 'io_switch' [/home/getz/dev/ZCU702_memristor/design/project_11.gen/sources_1/bd/memristor/ipshared/6c92/src/io_switch.v:7]
	Parameter C_IO_SWITCH_WIDTH bound to: 8 - type: integer 
	Parameter C_NUM_PWMS bound to: 1 - type: integer 
	Parameter C_NUM_TIMERS bound to: 1 - type: integer 
	Parameter C_NUM_SS bound to: 1 - type: integer 
INFO: [Synth 8-6157] synthesizing module 'io_switch_bit' [/home/getz/dev/ZCU702_memristor/design/project_11.gen/sources_1/bd/memristor/ipshared/6c92/src/io_switch_bit.v:57]
	Parameter C_NUM_PWMS bound to: 1 - type: integer 
	Parameter C_NUM_TIMERS bound to: 1 - type: integer 
	Parameter C_NUM_SS bound to: 1 - type: integer 
WARNING: [Synth 8-324] index 1 out of range [/home/getz/dev/ZCU702_memristor/design/project_11.gen/sources_1/bd/memristor/ipshared/6c92/src/io_switch_bit.v:159]
WARNING: [Synth 8-324] index 2 out of range [/home/getz/dev/ZCU702_memristor/design/project_11.gen/sources_1/bd/memristor/ipshared/6c92/src/io_switch_bit.v:160]
WARNING: [Synth 8-324] index 3 out of range [/home/getz/dev/ZCU702_memristor/design/project_11.gen/sources_1/bd/memristor/ipshared/6c92/src/io_switch_bit.v:161]
WARNING: [Synth 8-324] index 4 out of range [/home/getz/dev/ZCU702_memristor/design/project_11.gen/sources_1/bd/memristor/ipshared/6c92/src/io_switch_bit.v:162]
WARNING: [Synth 8-324] index 5 out of range [/home/getz/dev/ZCU702_memristor/design/project_11.gen/sources_1/bd/memristor/ipshared/6c92/src/io_switch_bit.v:163]
WARNING: [Synth 8-324] index 1 out of range [/home/getz/dev/ZCU702_memristor/design/project_11.gen/sources_1/bd/memristor/ipshared/6c92/src/io_switch_bit.v:164]
WARNING: [Synth 8-324] index 1 out of range [/home/getz/dev/ZCU702_memristor/design/project_11.gen/sources_1/bd/memristor/ipshared/6c92/src/io_switch_bit.v:167]
WARNING: [Synth 8-324] index 2 out of range [/home/getz/dev/ZCU702_memristor/design/project_11.gen/sources_1/bd/memristor/ipshared/6c92/src/io_switch_bit.v:168]
WARNING: [Synth 8-324] index 3 out of range [/home/getz/dev/ZCU702_memristor/design/project_11.gen/sources_1/bd/memristor/ipshared/6c92/src/io_switch_bit.v:169]
WARNING: [Synth 8-324] index 4 out of range [/home/getz/dev/ZCU702_memristor/design/project_11.gen/sources_1/bd/memristor/ipshared/6c92/src/io_switch_bit.v:170]
WARNING: [Synth 8-324] index 5 out of range [/home/getz/dev/ZCU702_memristor/design/project_11.gen/sources_1/bd/memristor/ipshared/6c92/src/io_switch_bit.v:171]
WARNING: [Synth 8-324] index 6 out of range [/home/getz/dev/ZCU702_memristor/design/project_11.gen/sources_1/bd/memristor/ipshared/6c92/src/io_switch_bit.v:172]
WARNING: [Synth 8-324] index 7 out of range [/home/getz/dev/ZCU702_memristor/design/project_11.gen/sources_1/bd/memristor/ipshared/6c92/src/io_switch_bit.v:173]
INFO: [Synth 8-6155] done synthesizing module 'io_switch_bit' (1#1) [/home/getz/dev/ZCU702_memristor/design/project_11.gen/sources_1/bd/memristor/ipshared/6c92/src/io_switch_bit.v:57]
WARNING: [Synth 8-7071] port 'uart1_rx_i' of module 'io_switch_bit' is unconnected for instance 'd_i' [/home/getz/dev/ZCU702_memristor/design/project_11.gen/sources_1/bd/memristor/ipshared/6c92/src/io_switch.v:125]
WARNING: [Synth 8-7071] port 'uart1_tx_o' of module 'io_switch_bit' is unconnected for instance 'd_i' [/home/getz/dev/ZCU702_memristor/design/project_11.gen/sources_1/bd/memristor/ipshared/6c92/src/io_switch.v:125]
WARNING: [Synth 8-7071] port 'ss0_i' of module 'io_switch_bit' is unconnected for instance 'd_i' [/home/getz/dev/ZCU702_memristor/design/project_11.gen/sources_1/bd/memristor/ipshared/6c92/src/io_switch.v:125]
WARNING: [Synth 8-7071] port 'sck1_i' of module 'io_switch_bit' is unconnected for instance 'd_i' [/home/getz/dev/ZCU702_memristor/design/project_11.gen/sources_1/bd/memristor/ipshared/6c92/src/io_switch.v:125]
WARNING: [Synth 8-7071] port 'sck1_o' of module 'io_switch_bit' is unconnected for instance 'd_i' [/home/getz/dev/ZCU702_memristor/design/project_11.gen/sources_1/bd/memristor/ipshared/6c92/src/io_switch.v:125]
WARNING: [Synth 8-7071] port 'sck1_t' of module 'io_switch_bit' is unconnected for instance 'd_i' [/home/getz/dev/ZCU702_memristor/design/project_11.gen/sources_1/bd/memristor/ipshared/6c92/src/io_switch.v:125]
WARNING: [Synth 8-7071] port 'miso1_i' of module 'io_switch_bit' is unconnected for instance 'd_i' [/home/getz/dev/ZCU702_memristor/design/project_11.gen/sources_1/bd/memristor/ipshared/6c92/src/io_switch.v:125]
WARNING: [Synth 8-7071] port 'miso1_o' of module 'io_switch_bit' is unconnected for instance 'd_i' [/home/getz/dev/ZCU702_memristor/design/project_11.gen/sources_1/bd/memristor/ipshared/6c92/src/io_switch.v:125]
WARNING: [Synth 8-7071] port 'miso1_t' of module 'io_switch_bit' is unconnected for instance 'd_i' [/home/getz/dev/ZCU702_memristor/design/project_11.gen/sources_1/bd/memristor/ipshared/6c92/src/io_switch.v:125]
WARNING: [Synth 8-7071] port 'mosi1_i' of module 'io_switch_bit' is unconnected for instance 'd_i' [/home/getz/dev/ZCU702_memristor/design/project_11.gen/sources_1/bd/memristor/ipshared/6c92/src/io_switch.v:125]
WARNING: [Synth 8-7071] port 'mosi1_o' of module 'io_switch_bit' is unconnected for instance 'd_i' [/home/getz/dev/ZCU702_memristor/design/project_11.gen/sources_1/bd/memristor/ipshared/6c92/src/io_switch.v:125]
WARNING: [Synth 8-7071] port 'mosi1_t' of module 'io_switch_bit' is unconnected for instance 'd_i' [/home/getz/dev/ZCU702_memristor/design/project_11.gen/sources_1/bd/memristor/ipshared/6c92/src/io_switch.v:125]
WARNING: [Synth 8-7071] port 'ss1_i' of module 'io_switch_bit' is unconnected for instance 'd_i' [/home/getz/dev/ZCU702_memristor/design/project_11.gen/sources_1/bd/memristor/ipshared/6c92/src/io_switch.v:125]
WARNING: [Synth 8-7071] port 'ss1_o' of module 'io_switch_bit' is unconnected for instance 'd_i' [/home/getz/dev/ZCU702_memristor/design/project_11.gen/sources_1/bd/memristor/ipshared/6c92/src/io_switch.v:125]
WARNING: [Synth 8-7071] port 'ss1_t' of module 'io_switch_bit' is unconnected for instance 'd_i' [/home/getz/dev/ZCU702_memristor/design/project_11.gen/sources_1/bd/memristor/ipshared/6c92/src/io_switch.v:125]
WARNING: [Synth 8-7071] port 'sda0_i' of module 'io_switch_bit' is unconnected for instance 'd_i' [/home/getz/dev/ZCU702_memristor/design/project_11.gen/sources_1/bd/memristor/ipshared/6c92/src/io_switch.v:125]
WARNING: [Synth 8-7071] port 'sda0_o' of module 'io_switch_bit' is unconnected for instance 'd_i' [/home/getz/dev/ZCU702_memristor/design/project_11.gen/sources_1/bd/memristor/ipshared/6c92/src/io_switch.v:125]
WARNING: [Synth 8-7071] port 'sda0_t' of module 'io_switch_bit' is unconnected for instance 'd_i' [/home/getz/dev/ZCU702_memristor/design/project_11.gen/sources_1/bd/memristor/ipshared/6c92/src/io_switch.v:125]
WARNING: [Synth 8-7071] port 'scl0_i' of module 'io_switch_bit' is unconnected for instance 'd_i' [/home/getz/dev/ZCU702_memristor/design/project_11.gen/sources_1/bd/memristor/ipshared/6c92/src/io_switch.v:125]
WARNING: [Synth 8-7071] port 'scl0_o' of module 'io_switch_bit' is unconnected for instance 'd_i' [/home/getz/dev/ZCU702_memristor/design/project_11.gen/sources_1/bd/memristor/ipshared/6c92/src/io_switch.v:125]
WARNING: [Synth 8-7071] port 'scl0_t' of module 'io_switch_bit' is unconnected for instance 'd_i' [/home/getz/dev/ZCU702_memristor/design/project_11.gen/sources_1/bd/memristor/ipshared/6c92/src/io_switch.v:125]
WARNING: [Synth 8-7071] port 'sda1_i' of module 'io_switch_bit' is unconnected for instance 'd_i' [/home/getz/dev/ZCU702_memristor/design/project_11.gen/sources_1/bd/memristor/ipshared/6c92/src/io_switch.v:125]
WARNING: [Synth 8-7071] port 'sda1_o' of module 'io_switch_bit' is unconnected for instance 'd_i' [/home/getz/dev/ZCU702_memristor/design/project_11.gen/sources_1/bd/memristor/ipshared/6c92/src/io_switch.v:125]
WARNING: [Synth 8-7071] port 'sda1_t' of module 'io_switch_bit' is unconnected for instance 'd_i' [/home/getz/dev/ZCU702_memristor/design/project_11.gen/sources_1/bd/memristor/ipshared/6c92/src/io_switch.v:125]
WARNING: [Synth 8-7071] port 'scl1_i' of module 'io_switch_bit' is unconnected for instance 'd_i' [/home/getz/dev/ZCU702_memristor/design/project_11.gen/sources_1/bd/memristor/ipshared/6c92/src/io_switch.v:125]
WARNING: [Synth 8-7071] port 'scl1_o' of module 'io_switch_bit' is unconnected for instance 'd_i' [/home/getz/dev/ZCU702_memristor/design/project_11.gen/sources_1/bd/memristor/ipshared/6c92/src/io_switch.v:125]
WARNING: [Synth 8-7071] port 'scl1_t' of module 'io_switch_bit' is unconnected for instance 'd_i' [/home/getz/dev/ZCU702_memristor/design/project_11.gen/sources_1/bd/memristor/ipshared/6c92/src/io_switch.v:125]
WARNING: [Synth 8-7071] port 'timer_i_1' of module 'io_switch_bit' is unconnected for instance 'd_i' [/home/getz/dev/ZCU702_memristor/design/project_11.gen/sources_1/bd/memristor/ipshared/6c92/src/io_switch.v:125]
WARNING: [Synth 8-7071] port 'timer_i_2' of module 'io_switch_bit' is unconnected for instance 'd_i' [/home/getz/dev/ZCU702_memristor/design/project_11.gen/sources_1/bd/memristor/ipshared/6c92/src/io_switch.v:125]
WARNING: [Synth 8-7071] port 'timer_i_3' of module 'io_switch_bit' is unconnected for instance 'd_i' [/home/getz/dev/ZCU702_memristor/design/project_11.gen/sources_1/bd/memristor/ipshared/6c92/src/io_switch.v:125]
WARNING: [Synth 8-7071] port 'timer_i_4' of module 'io_switch_bit' is unconnected for instance 'd_i' [/home/getz/dev/ZCU702_memristor/design/project_11.gen/sources_1/bd/memristor/ipshared/6c92/src/io_switch.v:125]
WARNING: [Synth 8-7071] port 'timer_i_5' of module 'io_switch_bit' is unconnected for instance 'd_i' [/home/getz/dev/ZCU702_memristor/design/project_11.gen/sources_1/bd/memristor/ipshared/6c92/src/io_switch.v:125]
WARNING: [Synth 8-7071] port 'timer_i_6' of module 'io_switch_bit' is unconnected for instance 'd_i' [/home/getz/dev/ZCU702_memristor/design/project_11.gen/sources_1/bd/memristor/ipshared/6c92/src/io_switch.v:125]
WARNING: [Synth 8-7071] port 'timer_i_7' of module 'io_switch_bit' is unconnected for instance 'd_i' [/home/getz/dev/ZCU702_memristor/design/project_11.gen/sources_1/bd/memristor/ipshared/6c92/src/io_switch.v:125]
WARNING: [Synth 8-7023] instance 'd_i' of module 'io_switch_bit' has 58 connections declared, but only 24 given [/home/getz/dev/ZCU702_memristor/design/project_11.gen/sources_1/bd/memristor/ipshared/6c92/src/io_switch.v:125]
WARNING: [Synth 8-7071] port 'uart1_rx_i' of module 'io_switch_bit' is unconnected for instance 'd_i' [/home/getz/dev/ZCU702_memristor/design/project_11.gen/sources_1/bd/memristor/ipshared/6c92/src/io_switch.v:125]
WARNING: [Synth 8-7071] port 'uart1_tx_o' of module 'io_switch_bit' is unconnected for instance 'd_i' [/home/getz/dev/ZCU702_memristor/design/project_11.gen/sources_1/bd/memristor/ipshared/6c92/src/io_switch.v:125]
WARNING: [Synth 8-7071] port 'ss0_i' of module 'io_switch_bit' is unconnected for instance 'd_i' [/home/getz/dev/ZCU702_memristor/design/project_11.gen/sources_1/bd/memristor/ipshared/6c92/src/io_switch.v:125]
WARNING: [Synth 8-7071] port 'sck1_i' of module 'io_switch_bit' is unconnected for instance 'd_i' [/home/getz/dev/ZCU702_memristor/design/project_11.gen/sources_1/bd/memristor/ipshared/6c92/src/io_switch.v:125]
WARNING: [Synth 8-7071] port 'sck1_o' of module 'io_switch_bit' is unconnected for instance 'd_i' [/home/getz/dev/ZCU702_memristor/design/project_11.gen/sources_1/bd/memristor/ipshared/6c92/src/io_switch.v:125]
WARNING: [Synth 8-7071] port 'sck1_t' of module 'io_switch_bit' is unconnected for instance 'd_i' [/home/getz/dev/ZCU702_memristor/design/project_11.gen/sources_1/bd/memristor/ipshared/6c92/src/io_switch.v:125]
WARNING: [Synth 8-7071] port 'miso1_i' of module 'io_switch_bit' is unconnected for instance 'd_i' [/home/getz/dev/ZCU702_memristor/design/project_11.gen/sources_1/bd/memristor/ipshared/6c92/src/io_switch.v:125]
WARNING: [Synth 8-7071] port 'miso1_o' of module 'io_switch_bit' is unconnected for instance 'd_i' [/home/getz/dev/ZCU702_memristor/design/project_11.gen/sources_1/bd/memristor/ipshared/6c92/src/io_switch.v:125]
WARNING: [Synth 8-7071] port 'miso1_t' of module 'io_switch_bit' is unconnected for instance 'd_i' [/home/getz/dev/ZCU702_memristor/design/project_11.gen/sources_1/bd/memristor/ipshared/6c92/src/io_switch.v:125]
WARNING: [Synth 8-7071] port 'mosi1_i' of module 'io_switch_bit' is unconnected for instance 'd_i' [/home/getz/dev/ZCU702_memristor/design/project_11.gen/sources_1/bd/memristor/ipshared/6c92/src/io_switch.v:125]
WARNING: [Synth 8-7071] port 'mosi1_o' of module 'io_switch_bit' is unconnected for instance 'd_i' [/home/getz/dev/ZCU702_memristor/design/project_11.gen/sources_1/bd/memristor/ipshared/6c92/src/io_switch.v:125]
WARNING: [Synth 8-7071] port 'mosi1_t' of module 'io_switch_bit' is unconnected for instance 'd_i' [/home/getz/dev/ZCU702_memristor/design/project_11.gen/sources_1/bd/memristor/ipshared/6c92/src/io_switch.v:125]
WARNING: [Synth 8-7071] port 'ss1_i' of module 'io_switch_bit' is unconnected for instance 'd_i' [/home/getz/dev/ZCU702_memristor/design/project_11.gen/sources_1/bd/memristor/ipshared/6c92/src/io_switch.v:125]
WARNING: [Synth 8-7071] port 'ss1_o' of module 'io_switch_bit' is unconnected for instance 'd_i' [/home/getz/dev/ZCU702_memristor/design/project_11.gen/sources_1/bd/memristor/ipshared/6c92/src/io_switch.v:125]
WARNING: [Synth 8-7071] port 'ss1_t' of module 'io_switch_bit' is unconnected for instance 'd_i' [/home/getz/dev/ZCU702_memristor/design/project_11.gen/sources_1/bd/memristor/ipshared/6c92/src/io_switch.v:125]
WARNING: [Synth 8-7071] port 'sda0_i' of module 'io_switch_bit' is unconnected for instance 'd_i' [/home/getz/dev/ZCU702_memristor/design/project_11.gen/sources_1/bd/memristor/ipshared/6c92/src/io_switch.v:125]
WARNING: [Synth 8-7071] port 'sda0_o' of module 'io_switch_bit' is unconnected for instance 'd_i' [/home/getz/dev/ZCU702_memristor/design/project_11.gen/sources_1/bd/memristor/ipshared/6c92/src/io_switch.v:125]
WARNING: [Synth 8-7071] port 'sda0_t' of module 'io_switch_bit' is unconnected for instance 'd_i' [/home/getz/dev/ZCU702_memristor/design/project_11.gen/sources_1/bd/memristor/ipshared/6c92/src/io_switch.v:125]
WARNING: [Synth 8-7071] port 'scl0_i' of module 'io_switch_bit' is unconnected for instance 'd_i' [/home/getz/dev/ZCU702_memristor/design/project_11.gen/sources_1/bd/memristor/ipshared/6c92/src/io_switch.v:125]
WARNING: [Synth 8-7071] port 'scl0_o' of module 'io_switch_bit' is unconnected for instance 'd_i' [/home/getz/dev/ZCU702_memristor/design/project_11.gen/sources_1/bd/memristor/ipshared/6c92/src/io_switch.v:125]
WARNING: [Synth 8-7071] port 'scl0_t' of module 'io_switch_bit' is unconnected for instance 'd_i' [/home/getz/dev/ZCU702_memristor/design/project_11.gen/sources_1/bd/memristor/ipshared/6c92/src/io_switch.v:125]
WARNING: [Synth 8-7071] port 'sda1_i' of module 'io_switch_bit' is unconnected for instance 'd_i' [/home/getz/dev/ZCU702_memristor/design/project_11.gen/sources_1/bd/memristor/ipshared/6c92/src/io_switch.v:125]
WARNING: [Synth 8-7071] port 'sda1_o' of module 'io_switch_bit' is unconnected for instance 'd_i' [/home/getz/dev/ZCU702_memristor/design/project_11.gen/sources_1/bd/memristor/ipshared/6c92/src/io_switch.v:125]
WARNING: [Synth 8-7071] port 'sda1_t' of module 'io_switch_bit' is unconnected for instance 'd_i' [/home/getz/dev/ZCU702_memristor/design/project_11.gen/sources_1/bd/memristor/ipshared/6c92/src/io_switch.v:125]
WARNING: [Synth 8-7071] port 'scl1_i' of module 'io_switch_bit' is unconnected for instance 'd_i' [/home/getz/dev/ZCU702_memristor/design/project_11.gen/sources_1/bd/memristor/ipshared/6c92/src/io_switch.v:125]
WARNING: [Synth 8-7071] port 'scl1_o' of module 'io_switch_bit' is unconnected for instance 'd_i' [/home/getz/dev/ZCU702_memristor/design/project_11.gen/sources_1/bd/memristor/ipshared/6c92/src/io_switch.v:125]
WARNING: [Synth 8-7071] port 'scl1_t' of module 'io_switch_bit' is unconnected for instance 'd_i' [/home/getz/dev/ZCU702_memristor/design/project_11.gen/sources_1/bd/memristor/ipshared/6c92/src/io_switch.v:125]
WARNING: [Synth 8-7071] port 'timer_i_1' of module 'io_switch_bit' is unconnected for instance 'd_i' [/home/getz/dev/ZCU702_memristor/design/project_11.gen/sources_1/bd/memristor/ipshared/6c92/src/io_switch.v:125]
WARNING: [Synth 8-7071] port 'timer_i_2' of module 'io_switch_bit' is unconnected for instance 'd_i' [/home/getz/dev/ZCU702_memristor/design/project_11.gen/sources_1/bd/memristor/ipshared/6c92/src/io_switch.v:125]
WARNING: [Synth 8-7071] port 'timer_i_3' of module 'io_switch_bit' is unconnected for instance 'd_i' [/home/getz/dev/ZCU702_memristor/design/project_11.gen/sources_1/bd/memristor/ipshared/6c92/src/io_switch.v:125]
WARNING: [Synth 8-7071] port 'timer_i_4' of module 'io_switch_bit' is unconnected for instance 'd_i' [/home/getz/dev/ZCU702_memristor/design/project_11.gen/sources_1/bd/memristor/ipshared/6c92/src/io_switch.v:125]
WARNING: [Synth 8-7071] port 'timer_i_5' of module 'io_switch_bit' is unconnected for instance 'd_i' [/home/getz/dev/ZCU702_memristor/design/project_11.gen/sources_1/bd/memristor/ipshared/6c92/src/io_switch.v:125]
WARNING: [Synth 8-7071] port 'timer_i_6' of module 'io_switch_bit' is unconnected for instance 'd_i' [/home/getz/dev/ZCU702_memristor/design/project_11.gen/sources_1/bd/memristor/ipshared/6c92/src/io_switch.v:125]
WARNING: [Synth 8-7071] port 'timer_i_7' of module 'io_switch_bit' is unconnected for instance 'd_i' [/home/getz/dev/ZCU702_memristor/design/project_11.gen/sources_1/bd/memristor/ipshared/6c92/src/io_switch.v:125]
WARNING: [Synth 8-7023] instance 'd_i' of module 'io_switch_bit' has 58 connections declared, but only 24 given [/home/getz/dev/ZCU702_memristor/design/project_11.gen/sources_1/bd/memristor/ipshared/6c92/src/io_switch.v:125]
WARNING: [Synth 8-7071] port 'uart1_rx_i' of module 'io_switch_bit' is unconnected for instance 'd_i' [/home/getz/dev/ZCU702_memristor/design/project_11.gen/sources_1/bd/memristor/ipshared/6c92/src/io_switch.v:145]
WARNING: [Synth 8-7071] port 'uart1_tx_o' of module 'io_switch_bit' is unconnected for instance 'd_i' [/home/getz/dev/ZCU702_memristor/design/project_11.gen/sources_1/bd/memristor/ipshared/6c92/src/io_switch.v:145]
WARNING: [Synth 8-7071] port 'ss0_i' of module 'io_switch_bit' is unconnected for instance 'd_i' [/home/getz/dev/ZCU702_memristor/design/project_11.gen/sources_1/bd/memristor/ipshared/6c92/src/io_switch.v:145]
WARNING: [Synth 8-7071] port 'sck1_i' of module 'io_switch_bit' is unconnected for instance 'd_i' [/home/getz/dev/ZCU702_memristor/design/project_11.gen/sources_1/bd/memristor/ipshared/6c92/src/io_switch.v:145]
WARNING: [Synth 8-7071] port 'sck1_o' of module 'io_switch_bit' is unconnected for instance 'd_i' [/home/getz/dev/ZCU702_memristor/design/project_11.gen/sources_1/bd/memristor/ipshared/6c92/src/io_switch.v:145]
WARNING: [Synth 8-7071] port 'sck1_t' of module 'io_switch_bit' is unconnected for instance 'd_i' [/home/getz/dev/ZCU702_memristor/design/project_11.gen/sources_1/bd/memristor/ipshared/6c92/src/io_switch.v:145]
WARNING: [Synth 8-7071] port 'miso1_i' of module 'io_switch_bit' is unconnected for instance 'd_i' [/home/getz/dev/ZCU702_memristor/design/project_11.gen/sources_1/bd/memristor/ipshared/6c92/src/io_switch.v:145]
WARNING: [Synth 8-7071] port 'miso1_o' of module 'io_switch_bit' is unconnected for instance 'd_i' [/home/getz/dev/ZCU702_memristor/design/project_11.gen/sources_1/bd/memristor/ipshared/6c92/src/io_switch.v:145]
WARNING: [Synth 8-7071] port 'miso1_t' of module 'io_switch_bit' is unconnected for instance 'd_i' [/home/getz/dev/ZCU702_memristor/design/project_11.gen/sources_1/bd/memristor/ipshared/6c92/src/io_switch.v:145]
WARNING: [Synth 8-7071] port 'mosi1_i' of module 'io_switch_bit' is unconnected for instance 'd_i' [/home/getz/dev/ZCU702_memristor/design/project_11.gen/sources_1/bd/memristor/ipshared/6c92/src/io_switch.v:145]
WARNING: [Synth 8-7071] port 'mosi1_o' of module 'io_switch_bit' is unconnected for instance 'd_i' [/home/getz/dev/ZCU702_memristor/design/project_11.gen/sources_1/bd/memristor/ipshared/6c92/src/io_switch.v:145]
WARNING: [Synth 8-7071] port 'mosi1_t' of module 'io_switch_bit' is unconnected for instance 'd_i' [/home/getz/dev/ZCU702_memristor/design/project_11.gen/sources_1/bd/memristor/ipshared/6c92/src/io_switch.v:145]
WARNING: [Synth 8-7071] port 'ss1_i' of module 'io_switch_bit' is unconnected for instance 'd_i' [/home/getz/dev/ZCU702_memristor/design/project_11.gen/sources_1/bd/memristor/ipshared/6c92/src/io_switch.v:145]
WARNING: [Synth 8-7071] port 'ss1_o' of module 'io_switch_bit' is unconnected for instance 'd_i' [/home/getz/dev/ZCU702_memristor/design/project_11.gen/sources_1/bd/memristor/ipshared/6c92/src/io_switch.v:145]
WARNING: [Synth 8-7071] port 'ss1_t' of module 'io_switch_bit' is unconnected for instance 'd_i' [/home/getz/dev/ZCU702_memristor/design/project_11.gen/sources_1/bd/memristor/ipshared/6c92/src/io_switch.v:145]
WARNING: [Synth 8-7071] port 'sda1_i' of module 'io_switch_bit' is unconnected for instance 'd_i' [/home/getz/dev/ZCU702_memristor/design/project_11.gen/sources_1/bd/memristor/ipshared/6c92/src/io_switch.v:145]
WARNING: [Synth 8-7071] port 'sda1_o' of module 'io_switch_bit' is unconnected for instance 'd_i' [/home/getz/dev/ZCU702_memristor/design/project_11.gen/sources_1/bd/memristor/ipshared/6c92/src/io_switch.v:145]
WARNING: [Synth 8-7071] port 'sda1_t' of module 'io_switch_bit' is unconnected for instance 'd_i' [/home/getz/dev/ZCU702_memristor/design/project_11.gen/sources_1/bd/memristor/ipshared/6c92/src/io_switch.v:145]
WARNING: [Synth 8-7071] port 'scl1_i' of module 'io_switch_bit' is unconnected for instance 'd_i' [/home/getz/dev/ZCU702_memristor/design/project_11.gen/sources_1/bd/memristor/ipshared/6c92/src/io_switch.v:145]
WARNING: [Synth 8-7071] port 'scl1_o' of module 'io_switch_bit' is unconnected for instance 'd_i' [/home/getz/dev/ZCU702_memristor/design/project_11.gen/sources_1/bd/memristor/ipshared/6c92/src/io_switch.v:145]
WARNING: [Synth 8-7071] port 'scl1_t' of module 'io_switch_bit' is unconnected for instance 'd_i' [/home/getz/dev/ZCU702_memristor/design/project_11.gen/sources_1/bd/memristor/ipshared/6c92/src/io_switch.v:145]
WARNING: [Synth 8-7071] port 'timer_i_1' of module 'io_switch_bit' is unconnected for instance 'd_i' [/home/getz/dev/ZCU702_memristor/design/project_11.gen/sources_1/bd/memristor/ipshared/6c92/src/io_switch.v:145]
WARNING: [Synth 8-7071] port 'timer_i_2' of module 'io_switch_bit' is unconnected for instance 'd_i' [/home/getz/dev/ZCU702_memristor/design/project_11.gen/sources_1/bd/memristor/ipshared/6c92/src/io_switch.v:145]
WARNING: [Synth 8-7071] port 'timer_i_3' of module 'io_switch_bit' is unconnected for instance 'd_i' [/home/getz/dev/ZCU702_memristor/design/project_11.gen/sources_1/bd/memristor/ipshared/6c92/src/io_switch.v:145]
WARNING: [Synth 8-7071] port 'timer_i_4' of module 'io_switch_bit' is unconnected for instance 'd_i' [/home/getz/dev/ZCU702_memristor/design/project_11.gen/sources_1/bd/memristor/ipshared/6c92/src/io_switch.v:145]
WARNING: [Synth 8-7071] port 'timer_i_5' of module 'io_switch_bit' is unconnected for instance 'd_i' [/home/getz/dev/ZCU702_memristor/design/project_11.gen/sources_1/bd/memristor/ipshared/6c92/src/io_switch.v:145]
WARNING: [Synth 8-7071] port 'timer_i_6' of module 'io_switch_bit' is unconnected for instance 'd_i' [/home/getz/dev/ZCU702_memristor/design/project_11.gen/sources_1/bd/memristor/ipshared/6c92/src/io_switch.v:145]
WARNING: [Synth 8-7071] port 'timer_i_7' of module 'io_switch_bit' is unconnected for instance 'd_i' [/home/getz/dev/ZCU702_memristor/design/project_11.gen/sources_1/bd/memristor/ipshared/6c92/src/io_switch.v:145]
WARNING: [Synth 8-7023] instance 'd_i' of module 'io_switch_bit' has 58 connections declared, but only 30 given [/home/getz/dev/ZCU702_memristor/design/project_11.gen/sources_1/bd/memristor/ipshared/6c92/src/io_switch.v:145]
WARNING: [Synth 8-7071] port 'uart1_rx_i' of module 'io_switch_bit' is unconnected for instance 'd_i' [/home/getz/dev/ZCU702_memristor/design/project_11.gen/sources_1/bd/memristor/ipshared/6c92/src/io_switch.v:145]
WARNING: [Synth 8-7071] port 'uart1_tx_o' of module 'io_switch_bit' is unconnected for instance 'd_i' [/home/getz/dev/ZCU702_memristor/design/project_11.gen/sources_1/bd/memristor/ipshared/6c92/src/io_switch.v:145]
WARNING: [Synth 8-7071] port 'ss0_i' of module 'io_switch_bit' is unconnected for instance 'd_i' [/home/getz/dev/ZCU702_memristor/design/project_11.gen/sources_1/bd/memristor/ipshared/6c92/src/io_switch.v:145]
WARNING: [Synth 8-7071] port 'sck1_i' of module 'io_switch_bit' is unconnected for instance 'd_i' [/home/getz/dev/ZCU702_memristor/design/project_11.gen/sources_1/bd/memristor/ipshared/6c92/src/io_switch.v:145]
INFO: [Common 17-14] Message 'Synth 8-7071' appears 100 times and further instances of the messages will be disabled. Use the Tcl command set_msg_config to change the current settings.
WARNING: [Synth 8-7023] instance 'd_i' of module 'io_switch_bit' has 58 connections declared, but only 30 given [/home/getz/dev/ZCU702_memristor/design/project_11.gen/sources_1/bd/memristor/ipshared/6c92/src/io_switch.v:145]
WARNING: [Synth 8-7023] instance 'd_i' of module 'io_switch_bit' has 58 connections declared, but only 24 given [/home/getz/dev/ZCU702_memristor/design/project_11.gen/sources_1/bd/memristor/ipshared/6c92/src/io_switch.v:168]
WARNING: [Synth 8-7023] instance 'd_i' of module 'io_switch_bit' has 58 connections declared, but only 24 given [/home/getz/dev/ZCU702_memristor/design/project_11.gen/sources_1/bd/memristor/ipshared/6c92/src/io_switch.v:168]
WARNING: [Synth 8-7023] instance 'd_i' of module 'io_switch_bit' has 58 connections declared, but only 30 given [/home/getz/dev/ZCU702_memristor/design/project_11.gen/sources_1/bd/memristor/ipshared/6c92/src/io_switch.v:189]
WARNING: [Synth 8-7023] instance 'd_i' of module 'io_switch_bit' has 58 connections declared, but only 30 given [/home/getz/dev/ZCU702_memristor/design/project_11.gen/sources_1/bd/memristor/ipshared/6c92/src/io_switch.v:189]
WARNING: [Synth 8-324] index 7 out of range [/home/getz/dev/ZCU702_memristor/design/project_11.gen/sources_1/bd/memristor/ipshared/6c92/src/io_switch.v:110]
WARNING: [Synth 8-324] index 6 out of range [/home/getz/dev/ZCU702_memristor/design/project_11.gen/sources_1/bd/memristor/ipshared/6c92/src/io_switch.v:111]
WARNING: [Synth 8-324] index 5 out of range [/home/getz/dev/ZCU702_memristor/design/project_11.gen/sources_1/bd/memristor/ipshared/6c92/src/io_switch.v:112]
WARNING: [Synth 8-324] index 4 out of range [/home/getz/dev/ZCU702_memristor/design/project_11.gen/sources_1/bd/memristor/ipshared/6c92/src/io_switch.v:113]
WARNING: [Synth 8-324] index 3 out of range [/home/getz/dev/ZCU702_memristor/design/project_11.gen/sources_1/bd/memristor/ipshared/6c92/src/io_switch.v:114]
WARNING: [Synth 8-324] index 2 out of range [/home/getz/dev/ZCU702_memristor/design/project_11.gen/sources_1/bd/memristor/ipshared/6c92/src/io_switch.v:115]
WARNING: [Synth 8-324] index 1 out of range [/home/getz/dev/ZCU702_memristor/design/project_11.gen/sources_1/bd/memristor/ipshared/6c92/src/io_switch.v:116]
INFO: [Synth 8-6155] done synthesizing module 'io_switch' (2#1) [/home/getz/dev/ZCU702_memristor/design/project_11.gen/sources_1/bd/memristor/ipshared/6c92/src/io_switch.v:7]
INFO: [Synth 8-6155] done synthesizing module 'io_switch_v1_1_S_AXI' (3#1) [/home/getz/dev/ZCU702_memristor/design/project_11.gen/sources_1/bd/memristor/ipshared/6c92/hdl/io_switch_v1_1_S_AXI.v:4]
INFO: [Synth 8-6155] done synthesizing module 'io_switch_v1_1' (4#1) [/home/getz/dev/ZCU702_memristor/design/project_11.gen/sources_1/bd/memristor/ipshared/6c92/hdl/io_switch_v1_1.v:4]
INFO: [Synth 8-6155] done synthesizing module 'memristor_io_switch_0' (5#1) [/home/getz/dev/ZCU702_memristor/design/project_11.gen/sources_1/bd/memristor/ip/memristor_io_switch_0/synth/memristor_io_switch_0.v:57]
---------------------------------------------------------------------------------
Finished RTL Elaboration : Time (s): cpu = 00:00:11 ; elapsed = 00:00:19 . Memory (MB): peak = 2496.023 ; gain = 0.000 ; free physical = 3082 ; free virtual = 14765
---------------------------------------------------------------------------------
---------------------------------------------------------------------------------
Start Handling Custom Attributes
---------------------------------------------------------------------------------
---------------------------------------------------------------------------------
Finished Handling Custom Attributes : Time (s): cpu = 00:00:13 ; elapsed = 00:00:21 . Memory (MB): peak = 2496.023 ; gain = 0.000 ; free physical = 3084 ; free virtual = 14767
---------------------------------------------------------------------------------
---------------------------------------------------------------------------------
Finished RTL Optimization Phase 1 : Time (s): cpu = 00:00:13 ; elapsed = 00:00:21 . Memory (MB): peak = 2496.023 ; gain = 0.000 ; free physical = 3084 ; free virtual = 14767
---------------------------------------------------------------------------------
Netlist sorting complete. Time (s): cpu = 00:00:00.05 ; elapsed = 00:00:00.04 . Memory (MB): peak = 2496.023 ; gain = 0.000 ; free physical = 3084 ; free virtual = 14767
INFO: [Project 1-570] Preparing netlist for logic optimization

Processing XDC Constraints
Initializing timing engine
Completed Processing XDC Constraints

Netlist sorting complete. Time (s): cpu = 00:00:00 ; elapsed = 00:00:00 . Memory (MB): peak = 2526.062 ; gain = 0.000 ; free physical = 2981 ; free virtual = 14668
INFO: [Project 1-111] Unisim Transformation Summary:
No Unisim elements were transformed.

Constraint Validation Runtime : Time (s): cpu = 00:00:00.08 ; elapsed = 00:00:00.09 . Memory (MB): peak = 2526.062 ; gain = 0.000 ; free physical = 2981 ; free virtual = 14668
---------------------------------------------------------------------------------
Finished Constraint Validation : Time (s): cpu = 00:00:26 ; elapsed = 00:00:39 . Memory (MB): peak = 2526.062 ; gain = 30.039 ; free physical = 1898 ; free virtual = 13586
---------------------------------------------------------------------------------
---------------------------------------------------------------------------------
Start Loading Part and Timing Information
---------------------------------------------------------------------------------
Loading part: xc7z020clg484-1
---------------------------------------------------------------------------------
Finished Loading Part and Timing Information : Time (s): cpu = 00:00:26 ; elapsed = 00:00:39 . Memory (MB): peak = 2526.062 ; gain = 30.039 ; free physical = 1898 ; free virtual = 13586
---------------------------------------------------------------------------------
---------------------------------------------------------------------------------
Start Applying 'set_property' XDC Constraints
---------------------------------------------------------------------------------
---------------------------------------------------------------------------------
Finished applying 'set_property' XDC Constraints : Time (s): cpu = 00:00:26 ; elapsed = 00:00:39 . Memory (MB): peak = 2526.062 ; gain = 30.039 ; free physical = 1898 ; free virtual = 13586
---------------------------------------------------------------------------------
---------------------------------------------------------------------------------
Finished RTL Optimization Phase 2 : Time (s): cpu = 00:00:27 ; elapsed = 00:00:41 . Memory (MB): peak = 2526.062 ; gain = 30.039 ; free physical = 1877 ; free virtual = 13575
---------------------------------------------------------------------------------
---------------------------------------------------------------------------------
Start RTL Component Statistics 
---------------------------------------------------------------------------------
Detailed RTL Component Info : 
+---Registers : 
	               32 Bit    Registers := 9     
	                6 Bit    Registers := 2     
	                2 Bit    Registers := 2     
	                1 Bit    Registers := 6     
+---Muxes : 
	   2 Input   32 Bit        Muxes := 8     
	  10 Input   32 Bit        Muxes := 8     
	  25 Input   24 Bit        Muxes := 8     
	   2 Input   24 Bit        Muxes := 8     
	  32 Input    1 Bit        Muxes := 8     
	   2 Input    1 Bit        Muxes := 21    
---------------------------------------------------------------------------------
Finished RTL Component Statistics 
---------------------------------------------------------------------------------
---------------------------------------------------------------------------------
Start Part Resource Summary
---------------------------------------------------------------------------------
Part Resources:
DSPs: 220 (col length:60)
BRAMs: 280 (col length: RAMB18 60 RAMB36 30)
---------------------------------------------------------------------------------
Finished Part Resource Summary
---------------------------------------------------------------------------------
---------------------------------------------------------------------------------
Start Cross Boundary and Area Optimization
---------------------------------------------------------------------------------
---------------------------------------------------------------------------------
Finished Cross Boundary and Area Optimization : Time (s): cpu = 00:00:36 ; elapsed = 00:00:51 . Memory (MB): peak = 2526.062 ; gain = 30.039 ; free physical = 2712 ; free virtual = 14409
---------------------------------------------------------------------------------
---------------------------------------------------------------------------------
Start Applying XDC Timing Constraints
---------------------------------------------------------------------------------
---------------------------------------------------------------------------------
Finished Applying XDC Timing Constraints : Time (s): cpu = 00:00:49 ; elapsed = 00:01:05 . Memory (MB): peak = 2526.062 ; gain = 30.039 ; free physical = 3438 ; free virtual = 15131
---------------------------------------------------------------------------------
---------------------------------------------------------------------------------
Start Timing Optimization
---------------------------------------------------------------------------------
---------------------------------------------------------------------------------
Finished Timing Optimization : Time (s): cpu = 00:00:49 ; elapsed = 00:01:06 . Memory (MB): peak = 2526.062 ; gain = 30.039 ; free physical = 3438 ; free virtual = 15131
---------------------------------------------------------------------------------
---------------------------------------------------------------------------------
Start Technology Mapping
---------------------------------------------------------------------------------
---------------------------------------------------------------------------------
Finished Technology Mapping : Time (s): cpu = 00:00:49 ; elapsed = 00:01:06 . Memory (MB): peak = 2526.062 ; gain = 30.039 ; free physical = 3423 ; free virtual = 15115
---------------------------------------------------------------------------------
---------------------------------------------------------------------------------
Start IO Insertion
---------------------------------------------------------------------------------
---------------------------------------------------------------------------------
Start Flattening Before IO Insertion
---------------------------------------------------------------------------------
---------------------------------------------------------------------------------
Finished Flattening Before IO Insertion
---------------------------------------------------------------------------------
---------------------------------------------------------------------------------
Start Final Netlist Cleanup
---------------------------------------------------------------------------------
---------------------------------------------------------------------------------
Finished Final Netlist Cleanup
---------------------------------------------------------------------------------
---------------------------------------------------------------------------------
Finished IO Insertion : Time (s): cpu = 00:00:56 ; elapsed = 00:01:12 . Memory (MB): peak = 2526.062 ; gain = 30.039 ; free physical = 3428 ; free virtual = 15121
---------------------------------------------------------------------------------
---------------------------------------------------------------------------------
Start Renaming Generated Instances
---------------------------------------------------------------------------------
---------------------------------------------------------------------------------
Finished Renaming Generated Instances : Time (s): cpu = 00:00:56 ; elapsed = 00:01:12 . Memory (MB): peak = 2526.062 ; gain = 30.039 ; free physical = 3428 ; free virtual = 15121
---------------------------------------------------------------------------------
---------------------------------------------------------------------------------
Start Rebuilding User Hierarchy
---------------------------------------------------------------------------------
---------------------------------------------------------------------------------
Finished Rebuilding User Hierarchy : Time (s): cpu = 00:00:56 ; elapsed = 00:01:12 . Memory (MB): peak = 2526.062 ; gain = 30.039 ; free physical = 3428 ; free virtual = 15121
---------------------------------------------------------------------------------
---------------------------------------------------------------------------------
Start Renaming Generated Ports
---------------------------------------------------------------------------------
---------------------------------------------------------------------------------
Finished Renaming Generated Ports : Time (s): cpu = 00:00:56 ; elapsed = 00:01:12 . Memory (MB): peak = 2526.062 ; gain = 30.039 ; free physical = 3428 ; free virtual = 15121
---------------------------------------------------------------------------------
---------------------------------------------------------------------------------
Start Handling Custom Attributes
---------------------------------------------------------------------------------
---------------------------------------------------------------------------------
Finished Handling Custom Attributes : Time (s): cpu = 00:00:56 ; elapsed = 00:01:13 . Memory (MB): peak = 2526.062 ; gain = 30.039 ; free physical = 3428 ; free virtual = 15121
---------------------------------------------------------------------------------
---------------------------------------------------------------------------------
Start Renaming Generated Nets
---------------------------------------------------------------------------------
---------------------------------------------------------------------------------
Finished Renaming Generated Nets : Time (s): cpu = 00:00:56 ; elapsed = 00:01:13 . Memory (MB): peak = 2526.062 ; gain = 30.039 ; free physical = 3428 ; free virtual = 15121
---------------------------------------------------------------------------------
---------------------------------------------------------------------------------
Start Writing Synthesis Report
---------------------------------------------------------------------------------

Report BlackBoxes: 
+-+--------------+----------+
| |BlackBox name |Instances |
+-+--------------+----------+
+-+--------------+----------+

Report Cell Usage: 
+------+-----+------+
|      |Cell |Count |
+------+-----+------+
|1     |LUT1 |     1|
|2     |LUT2 |    24|
|3     |LUT3 |    22|
|4     |LUT4 |    53|
|5     |LUT5 |    22|
|6     |LUT6 |   229|
|7     |FDRE |   301|
|8     |FDSE |     1|
+------+-----+------+
---------------------------------------------------------------------------------
Finished Writing Synthesis Report : Time (s): cpu = 00:00:56 ; elapsed = 00:01:13 . Memory (MB): peak = 2526.062 ; gain = 30.039 ; free physical = 3428 ; free virtual = 15121
---------------------------------------------------------------------------------
Synthesis finished with 0 errors, 0 critical warnings and 0 warnings.
Synthesis Optimization Runtime : Time (s): cpu = 00:00:51 ; elapsed = 00:01:08 . Memory (MB): peak = 2526.062 ; gain = 0.000 ; free physical = 3274 ; free virtual = 14967
Synthesis Optimization Complete : Time (s): cpu = 00:00:56 ; elapsed = 00:01:13 . Memory (MB): peak = 2526.070 ; gain = 30.039 ; free physical = 3271 ; free virtual = 14964
INFO: [Project 1-571] Translating synthesized netlist
Netlist sorting complete. Time (s): cpu = 00:00:00.02 ; elapsed = 00:00:00.01 . Memory (MB): peak = 2526.070 ; gain = 0.000 ; free physical = 3536 ; free virtual = 15229
INFO: [Project 1-570] Preparing netlist for logic optimization
INFO: [Opt 31-138] Pushed 0 inverter(s) to 0 load pin(s).
Netlist sorting complete. Time (s): cpu = 00:00:00 ; elapsed = 00:00:00 . Memory (MB): peak = 2526.070 ; gain = 0.000 ; free physical = 3223 ; free virtual = 14927
INFO: [Project 1-111] Unisim Transformation Summary:
No Unisim elements were transformed.

INFO: [Common 17-83] Releasing license: Synthesis
26 Infos, 128 Warnings, 0 Critical Warnings and 0 Errors encountered.
synth_design completed successfully
synth_design: Time (s): cpu = 00:01:17 ; elapsed = 00:01:30 . Memory (MB): peak = 2526.070 ; gain = 30.047 ; free physical = 3215 ; free virtual = 14908
INFO: [Common 17-1381] The checkpoint '/home/getz/dev/ZCU702_memristor/design/project_11.runs/memristor_io_switch_0_synth_1/memristor_io_switch_0.dcp' has been generated.
WARNING: [Common 17-576] 'use_project_ipc' is deprecated. This option is deprecated and no longer used.
INFO: [Coretcl 2-1648] Added synthesis output to IP cache for IP memristor_io_switch_0, cache-ID = b01de62c8814336e
INFO: [Coretcl 2-1174] Renamed 2 cell refs.
INFO: [Common 17-1381] The checkpoint '/home/getz/dev/ZCU702_memristor/design/project_11.runs/memristor_io_switch_0_synth_1/memristor_io_switch_0.dcp' has been generated.
INFO: [runtcl-4] Executing : report_utilization -file memristor_io_switch_0_utilization_synth.rpt -pb memristor_io_switch_0_utilization_synth.pb
INFO: [Common 17-206] Exiting Vivado at Fri Apr 19 14:55:35 2024...
