Copyright 1986-2020 Xilinx, Inc. All Rights Reserved.
-------------------------------------------------------------------------------------------------------------------------------------------------------------------------
| Tool Version     : Vivado v.2020.2 (win64) Build 3064766 Wed Nov 18 09:12:45 MST 2020
| Date             : Mon May  6 14:11:19 2024
| Host             : LAPTOP-J0FVCJLM running 64-bit major release  (build 9200)
| Command          : report_power -file memristor_wrapper_power_routed.rpt -pb memristor_wrapper_power_summary_routed.pb -rpx memristor_wrapper_power_routed.rpx
| Design           : memristor_wrapper
| Device           : xc7z020clg484-1
| Design State     : routed
| Grade            : commercial
| Process          : typical
| Characterization : Production
-------------------------------------------------------------------------------------------------------------------------------------------------------------------------

Power Report

Table of Contents
-----------------
1. Summary
1.1 On-Chip Components
1.2 Power Supply Summary
1.3 Confidence Level
2. Settings
2.1 Environment
2.2 Clock Constraints
3. Detailed Reports
3.1 By Hierarchy

1. Summary
----------

+--------------------------+--------------+
| Total On-Chip Power (W)  | 2.081        |
| Design Power Budget (W)  | Unspecified* |
| Power Budget Margin (W)  | NA           |
| Dynamic (W)              | 1.931        |
| Device Static (W)        | 0.150        |
| Effective TJA (C/W)      | 11.5         |
| Max Ambient (C)          | 61.0         |
| Junction Temperature (C) | 49.0         |
| Confidence Level         | Low          |
| Setting File             | ---          |
| Simulation Activity File | ---          |
| Design Nets Matched      | NA           |
+--------------------------+--------------+
* Specify Design Power Budget using, set_operating_conditions -design_power_budget <value in Watts>


1.1 On-Chip Components
----------------------

+-------------------------+-----------+----------+-----------+-----------------+
| On-Chip                 | Power (W) | Used     | Available | Utilization (%) |
+-------------------------+-----------+----------+-----------+-----------------+
| Clocks                  |     0.037 |       12 |       --- |             --- |
| Slice Logic             |     0.015 |     8868 |       --- |             --- |
|   LUT as Logic          |     0.013 |     3166 |     53200 |            5.95 |
|   Register              |    <0.001 |     4097 |    106400 |            3.85 |
|   CARRY4                |    <0.001 |      114 |     13300 |            0.86 |
|   LUT as Shift Register |    <0.001 |      261 |     17400 |            1.50 |
|   Others                |     0.000 |      556 |       --- |             --- |
| Signals                 |     0.022 |     6432 |       --- |             --- |
| MMCM                    |     0.326 |        3 |         4 |           75.00 |
| I/O                     |     0.003 |       59 |       200 |           29.50 |
| PS7                     |     1.528 |        1 |       --- |             --- |
| Static Power            |     0.150 |          |           |                 |
| Total                   |     2.081 |          |           |                 |
+-------------------------+-----------+----------+-----------+-----------------+


1.2 Power Supply Summary
------------------------

+-----------+-------------+-----------+-------------+------------+-------------+-------------+------------+
| Source    | Voltage (V) | Total (A) | Dynamic (A) | Static (A) | Powerup (A) | Budget (A)  | Margin (A) |
+-----------+-------------+-----------+-------------+------------+-------------+-------------+------------+
| Vccint    |       1.000 |     0.093 |       0.076 |      0.018 |       NA    | Unspecified | NA         |
| Vccaux    |       1.800 |     0.197 |       0.181 |      0.017 |       NA    | Unspecified | NA         |
| Vcco33    |       3.300 |     0.000 |       0.000 |      0.000 |       NA    | Unspecified | NA         |
| Vcco25    |       2.500 |     0.002 |       0.001 |      0.001 |       NA    | Unspecified | NA         |
| Vcco18    |       1.800 |     0.000 |       0.000 |      0.000 |       NA    | Unspecified | NA         |
| Vcco15    |       1.500 |     0.000 |       0.000 |      0.000 |       NA    | Unspecified | NA         |
| Vcco135   |       1.350 |     0.000 |       0.000 |      0.000 |       NA    | Unspecified | NA         |
| Vcco12    |       1.200 |     0.000 |       0.000 |      0.000 |       NA    | Unspecified | NA         |
| Vccaux_io |       1.800 |     0.000 |       0.000 |      0.000 |       NA    | Unspecified | NA         |
| Vccbram   |       1.000 |     0.001 |       0.000 |      0.001 |       NA    | Unspecified | NA         |
| MGTAVcc   |       1.000 |     0.000 |       0.000 |      0.000 |       NA    | Unspecified | NA         |
| MGTAVtt   |       1.200 |     0.000 |       0.000 |      0.000 |       NA    | Unspecified | NA         |
| MGTVccaux |       1.800 |     0.000 |       0.000 |      0.000 |       NA    | Unspecified | NA         |
| Vccpint   |       1.000 |     0.760 |       0.725 |      0.035 |       NA    | Unspecified | NA         |
| Vccpaux   |       1.800 |     0.060 |       0.050 |      0.010 |       NA    | Unspecified | NA         |
| Vccpll    |       1.800 |     0.018 |       0.015 |      0.003 |       NA    | Unspecified | NA         |
| Vcco_ddr  |       1.500 |     0.459 |       0.457 |      0.002 |       NA    | Unspecified | NA         |
| Vcco_mio0 |       1.800 |     0.000 |       0.000 |      0.000 |       NA    | Unspecified | NA         |
| Vcco_mio1 |       1.800 |     0.000 |       0.000 |      0.000 |       NA    | Unspecified | NA         |
| Vccadc    |       1.800 |     0.020 |       0.000 |      0.020 |       NA    | Unspecified | NA         |
+-----------+-------------+-----------+-------------+------------+-------------+-------------+------------+


1.3 Confidence Level
--------------------

+-----------------------------+------------+--------------------------------------------------------+------------------------------------------------------------------------------------------------------------+
| User Input Data             | Confidence | Details                                                | Action                                                                                                     |
+-----------------------------+------------+--------------------------------------------------------+------------------------------------------------------------------------------------------------------------+
| Design implementation state | High       | Design is routed                                       |                                                                                                            |
| Clock nodes activity        | High       | User specified more than 95% of clocks                 |                                                                                                            |
| I/O nodes activity          | Low        | More than 75% of inputs are missing user specification | Provide missing input activity with simulation results or by editing the "By Resource Type -> I/Os" view   |
| Internal nodes activity     | Medium     | User specified less than 25% of internal nodes         | Provide missing internal nodes activity with simulation results or by editing the "By Resource Type" views |
| Device models               | High       | Device models are Production                           |                                                                                                            |
|                             |            |                                                        |                                                                                                            |
| Overall confidence level    | Low        |                                                        |                                                                                                            |
+-----------------------------+------------+--------------------------------------------------------+------------------------------------------------------------------------------------------------------------+


2. Settings
-----------

2.1 Environment
---------------

+-----------------------+------------------------+
| Ambient Temp (C)      | 25.0                   |
| ThetaJA (C/W)         | 11.5                   |
| Airflow (LFM)         | 250                    |
| Heat Sink             | none                   |
| ThetaSA (C/W)         | 0.0                    |
| Board Selection       | medium (10"x10")       |
| # of Board Layers     | 8to11 (8 to 11 Layers) |
| Board Temperature (C) | 25.0                   |
+-----------------------+------------------------+


2.2 Clock Constraints
---------------------

+----------------------------------+-----------------------------------------------------------+-----------------+
| Clock                            | Domain                                                    | Constraint (ns) |
+----------------------------------+-----------------------------------------------------------+-----------------+
| clk_fpga_0                       | memristor_i/processing_system7_0/inst/FCLK_CLK0           |             5.0 |
| clk_fpga_0                       | memristor_i/processing_system7_0/inst/FCLK_CLK0_BUFG      |             5.0 |
| clk_out1_memristor_clk_wiz_0_0   | memristor_i/clk_wiz_0/inst/clk_out1_memristor_clk_wiz_0_0 |            10.0 |
| clk_out1_memristor_clk_wiz_0_1_1 | memristor_i/clk_wiz_1/inst/clk_out1_memristor_clk_wiz_0_1 |            50.0 |
| clk_out1_memristor_clk_wiz_1_0_1 | memristor_i/clk_wiz_2/inst/clk_out1_memristor_clk_wiz_1_0 |           100.0 |
| clkfbout_memristor_clk_wiz_0_0   | memristor_i/clk_wiz_0/inst/clkfbout_memristor_clk_wiz_0_0 |             5.0 |
| clkfbout_memristor_clk_wiz_0_1_1 | memristor_i/clk_wiz_1/inst/clkfbout_memristor_clk_wiz_0_1 |             5.0 |
| clkfbout_memristor_clk_wiz_1_0_1 | memristor_i/clk_wiz_2/inst/clkfbout_memristor_clk_wiz_1_0 |            20.0 |
+----------------------------------+-----------------------------------------------------------+-----------------+


3. Detailed Reports
-------------------

3.1 By Hierarchy
----------------

+--------------------------+-----------+
| Name                     | Power (W) |
+--------------------------+-----------+
| memristor_wrapper        |     1.931 |
|   memristor_i            |     1.927 |
|     ADC_1                |     0.002 |
|       U0                 |     0.002 |
|     ADC_2                |     0.002 |
|       U0                 |     0.002 |
|     ADC_3                |     0.002 |
|       U0                 |     0.002 |
|     ADC_4                |     0.002 |
|       U0                 |     0.002 |
|     CTRL_WEST            |     0.001 |
|       U0                 |     0.001 |
|     DA4_SPI              |     0.006 |
|       U0                 |     0.006 |
|     PGA_SPI              |     0.003 |
|       U0                 |     0.003 |
|     clk_wiz_0            |     0.108 |
|       inst               |     0.108 |
|     clk_wiz_1            |     0.114 |
|       inst               |     0.114 |
|     clk_wiz_2            |     0.107 |
|       inst               |     0.107 |
|     processing_system7_0 |     1.530 |
|       inst               |     1.530 |
|     ps7_0_axi_periph     |     0.049 |
|       m00_couplers       |     0.007 |
|       m01_couplers       |     0.005 |
|       m03_couplers       |     0.006 |
|       m04_couplers       |     0.007 |
|       m05_couplers       |     0.007 |
|       m06_couplers       |     0.007 |
|       m08_couplers       |     0.007 |
|       xbar               |     0.004 |
+--------------------------+-----------+


